<?xml version="1.0" encoding="UTF-8"?>
<!-- Generated by org.testng.reporters.JUnitReportReporter -->
<testsuite hostname="b9cc50ae1401549" failures="0" tests="1" name="com.ust.test.FirstTest" time="11.429" errors="0" timestamp="2023-03-30T16:41:36 IST" skipped="0">
  <testcase classname="com.ust.test.FirstTest" name="TestGoogle" time="11.429"/>
  <system-out/>
</testsuite> <!-- com.ust.test.FirstTest -->
